2 19, 2019 4:47:18 午後 Com.OrderFood.Log.OrderFoodLogger WriteLogger
構成: 1366 728
2 19, 2019 4:47:19 午後 Com.OrderFood.Log.OrderFoodLogger WriteLogger
情報: Connect接続処理が成功です。
2 19, 2019 4:47:19 午後 Com.OrderFood.Log.OrderFoodLogger WriteLogger
情報: Timerがスタートしました。
2 19, 2019 4:47:19 午後 Com.OrderFood.Log.OrderFoodLogger WriteLogger
情報: Size:6
2 19, 2019 4:47:19 午後 Com.OrderFood.Log.OrderFoodLogger WriteLogger
情報: 10101+12345678
2 19, 2019 4:47:19 午後 Com.OrderFood.Log.OrderFoodLogger WriteLogger
情報: 10102+12345678
2 19, 2019 4:47:19 午後 Com.OrderFood.Log.OrderFoodLogger WriteLogger
情報: 10201+123456
2 19, 2019 4:47:19 午後 Com.OrderFood.Log.OrderFoodLogger WriteLogger
情報: 10202+123456
2 19, 2019 4:47:19 午後 Com.OrderFood.Log.OrderFoodLogger WriteLogger
情報: 10301+123456
2 19, 2019 4:47:19 午後 Com.OrderFood.Log.OrderFoodLogger WriteLogger
情報: 10302+123456
2 19, 2019 4:47:42 午後 Com.OrderFood.Log.OrderFoodLogger WriteLogger
情報: Timerがストップしました。
2 19, 2019 4:47:42 午後 Com.OrderFood.Log.OrderFoodLogger WriteLogger
情報: Timerがスタートしました。
2 19, 2019 4:47:42 午後 Com.OrderFood.Log.OrderFoodLogger WriteLogger
情報: Mouse押す処理が正常終了します。
2 19, 2019 4:47:44 午後 Com.OrderFood.Log.OrderFoodLogger WriteLogger
情報: Timerがストップしました。
2 19, 2019 4:47:44 午後 Com.OrderFood.Log.OrderFoodLogger WriteLogger
情報: Timerがスタートしました。
2 19, 2019 4:47:44 午後 Com.OrderFood.Log.OrderFoodLogger WriteLogger
情報: Mouse押す処理が正常終了します。
2 19, 2019 4:48:04 午後 Com.OrderFood.Log.OrderFoodLogger WriteLogger
情報: Timerがストップしました。
2 19, 2019 4:48:04 午後 Com.OrderFood.Log.OrderFoodLogger WriteLogger
情報: Timerがスタートしました。
2 19, 2019 4:48:04 午後 Com.OrderFood.Log.OrderFoodLogger WriteLogger
情報: Mouse押す処理が正常終了します。
2 19, 2019 4:48:09 午後 Com.OrderFood.Log.OrderFoodLogger WriteLogger
情報: Connect終了処理が成功です。
2 19, 2019 4:48:09 午後 Com.OrderFood.Log.OrderFoodLogger WriteLogger
情報: Timerがストップしました。
2 19, 2019 4:48:09 午後 Com.OrderFood.Log.OrderFoodLogger WriteLogger
情報: アプリが正常終了します。
