2 19, 2019 12:06:53 午後 Com.OrderFood.Log.OrderFoodLogger WriteLogger
構成: 1366 728
2 19, 2019 12:06:58 午後 Com.OrderFood.Log.OrderFoodLogger WriteLogger
情報: Connect接続処理が成功です。
2 19, 2019 12:06:58 午後 Com.OrderFood.Log.OrderFoodLogger WriteLogger
情報: Timerがスタートしました。
2 19, 2019 12:07:07 午後 Com.OrderFood.Log.OrderFoodLogger WriteLogger
情報: Timerがストップしました。
2 19, 2019 12:07:07 午後 Com.OrderFood.Log.OrderFoodLogger WriteLogger
情報: Timerがスタートしました。
2 19, 2019 12:07:07 午後 Com.OrderFood.Log.OrderFoodLogger WriteLogger
情報: Mouseクリック処理が正常終了します。
2 19, 2019 12:07:18 午後 Com.OrderFood.Log.OrderFoodLogger WriteLogger
情報: Timerがストップしました。
2 19, 2019 12:07:18 午後 Com.OrderFood.Log.OrderFoodLogger WriteLogger
情報: Timerがスタートしました。
2 19, 2019 12:07:18 午後 Com.OrderFood.Log.OrderFoodLogger WriteLogger
情報: Mouseクリック処理が正常終了します。
2 19, 2019 12:07:20 午後 Com.OrderFood.Log.OrderFoodLogger WriteLogger
情報: Timerがストップしました。
2 19, 2019 12:07:20 午後 Com.OrderFood.Log.OrderFoodLogger WriteLogger
情報: Timerがスタートしました。
2 19, 2019 12:07:20 午後 Com.OrderFood.Log.OrderFoodLogger WriteLogger
情報: Mouseクリック処理が正常終了します。
2 19, 2019 12:07:22 午後 Com.OrderFood.Log.OrderFoodLogger WriteLogger
情報: Timerがストップしました。
2 19, 2019 12:07:22 午後 Com.OrderFood.Log.OrderFoodLogger WriteLogger
情報: Timerがスタートしました。
2 19, 2019 12:07:22 午後 Com.OrderFood.Log.OrderFoodLogger WriteLogger
情報: Mouseクリック処理が正常終了します。
2 19, 2019 12:07:26 午後 Com.OrderFood.Log.OrderFoodLogger WriteLogger
情報: Connect終了処理が成功です。
2 19, 2019 12:07:26 午後 Com.OrderFood.Log.OrderFoodLogger WriteLogger
情報: Timerがストップしました。
2 19, 2019 12:07:26 午後 Com.OrderFood.Log.OrderFoodLogger WriteLogger
情報: アプリが正常終了します。
2 19, 2019 12:07:26 午後 Com.OrderFood.Log.OrderFoodLogger WriteLogger
情報: アプリが正常終了します。
